CRITICAL - 2024-01-10 12:16:10 --> Trying to get property 'nama_kriteria' of non-object
in APPPATH\Views\tabel.php on line 53.
 1 APPPATH\Views\tabel.php(53): CodeIgniter\Debug\Exceptions->errorHandler(8, 'Trying to get property \'nama_kriteria\' of non-object', 'APPPATH\\Views\\tabel.php', 53, [...])
 2 SYSTEMPATH\View\View.php(213): include('APPPATH\\Views\\tabel.php')
 3 SYSTEMPATH\View\View.php(216): CodeIgniter\View\View->CodeIgniter\View\{closure}()
 4 SYSTEMPATH\Common.php(1135): CodeIgniter\View\View->render('tabel', [], true)
 5 APPPATH\Controllers\Hal.php(43): view('tabel', [...])
 6 SYSTEMPATH\CodeIgniter.php(896): App\Controllers\Hal->mt('@V_fx1_mVZS=')
 7 SYSTEMPATH\CodeIgniter.php(466): CodeIgniter\CodeIgniter->runController(Object(App\Controllers\Hal))
 8 SYSTEMPATH\CodeIgniter.php(349): CodeIgniter\CodeIgniter->handleRequest(null, Object(Config\Cache), false)
 9 FCPATH\index.php(55): CodeIgniter\CodeIgniter->run()
10 SYSTEMPATH\Commands\Server\rewrite.php(43): require_once('FCPATH\\index.php')
CRITICAL - 2024-01-10 12:16:59 --> Trying to get property 'nama_kriteria' of non-object
in APPPATH\Views\tabel.php on line 53.
 1 APPPATH\Views\tabel.php(53): CodeIgniter\Debug\Exceptions->errorHandler(8, 'Trying to get property \'nama_kriteria\' of non-object', 'APPPATH\\Views\\tabel.php', 53, [...])
 2 SYSTEMPATH\View\View.php(213): include('APPPATH\\Views\\tabel.php')
 3 SYSTEMPATH\View\View.php(216): CodeIgniter\View\View->CodeIgniter\View\{closure}()
 4 SYSTEMPATH\Common.php(1135): CodeIgniter\View\View->render('tabel', [], true)
 5 APPPATH\Controllers\Hal.php(43): view('tabel', [...])
 6 SYSTEMPATH\CodeIgniter.php(896): App\Controllers\Hal->mt('@V_fx1_mVZS=')
 7 SYSTEMPATH\CodeIgniter.php(466): CodeIgniter\CodeIgniter->runController(Object(App\Controllers\Hal))
 8 SYSTEMPATH\CodeIgniter.php(349): CodeIgniter\CodeIgniter->handleRequest(null, Object(Config\Cache), false)
 9 FCPATH\index.php(55): CodeIgniter\CodeIgniter->run()
10 SYSTEMPATH\Commands\Server\rewrite.php(43): require_once('FCPATH\\index.php')
CRITICAL - 2024-01-10 12:17:46 --> Trying to get property 'nama_kriteria' of non-object
in APPPATH\Views\tabel.php on line 53.
 1 APPPATH\Views\tabel.php(53): CodeIgniter\Debug\Exceptions->errorHandler(8, 'Trying to get property \'nama_kriteria\' of non-object', 'APPPATH\\Views\\tabel.php', 53, [...])
 2 SYSTEMPATH\View\View.php(213): include('APPPATH\\Views\\tabel.php')
 3 SYSTEMPATH\View\View.php(216): CodeIgniter\View\View->CodeIgniter\View\{closure}()
 4 SYSTEMPATH\Common.php(1135): CodeIgniter\View\View->render('tabel', [], true)
 5 APPPATH\Controllers\Hal.php(43): view('tabel', [...])
 6 SYSTEMPATH\CodeIgniter.php(896): App\Controllers\Hal->mt('@V_fx1_mVZS=')
 7 SYSTEMPATH\CodeIgniter.php(466): CodeIgniter\CodeIgniter->runController(Object(App\Controllers\Hal))
 8 SYSTEMPATH\CodeIgniter.php(349): CodeIgniter\CodeIgniter->handleRequest(null, Object(Config\Cache), false)
 9 FCPATH\index.php(55): CodeIgniter\CodeIgniter->run()
10 SYSTEMPATH\Commands\Server\rewrite.php(43): require_once('FCPATH\\index.php')
CRITICAL - 2024-01-10 12:18:59 --> Trying to get property 'nama_kriteria' of non-object
in APPPATH\Views\tabel.php on line 53.
 1 APPPATH\Views\tabel.php(53): CodeIgniter\Debug\Exceptions->errorHandler(8, 'Trying to get property \'nama_kriteria\' of non-object', 'APPPATH\\Views\\tabel.php', 53, [...])
 2 SYSTEMPATH\View\View.php(213): include('APPPATH\\Views\\tabel.php')
 3 SYSTEMPATH\View\View.php(216): CodeIgniter\View\View->CodeIgniter\View\{closure}()
 4 SYSTEMPATH\Common.php(1135): CodeIgniter\View\View->render('tabel', [], true)
 5 APPPATH\Controllers\Hal.php(43): view('tabel', [...])
 6 SYSTEMPATH\CodeIgniter.php(896): App\Controllers\Hal->mt('@V_fx1_mVZS=')
 7 SYSTEMPATH\CodeIgniter.php(466): CodeIgniter\CodeIgniter->runController(Object(App\Controllers\Hal))
 8 SYSTEMPATH\CodeIgniter.php(349): CodeIgniter\CodeIgniter->handleRequest(null, Object(Config\Cache), false)
 9 FCPATH\index.php(55): CodeIgniter\CodeIgniter->run()
10 SYSTEMPATH\Commands\Server\rewrite.php(43): require_once('FCPATH\\index.php')
CRITICAL - 2024-01-10 12:19:12 --> Trying to get property 'nama_kriteria' of non-object
in APPPATH\Views\tabel.php on line 53.
 1 APPPATH\Views\tabel.php(53): CodeIgniter\Debug\Exceptions->errorHandler(8, 'Trying to get property \'nama_kriteria\' of non-object', 'APPPATH\\Views\\tabel.php', 53, [...])
 2 SYSTEMPATH\View\View.php(213): include('APPPATH\\Views\\tabel.php')
 3 SYSTEMPATH\View\View.php(216): CodeIgniter\View\View->CodeIgniter\View\{closure}()
 4 SYSTEMPATH\Common.php(1135): CodeIgniter\View\View->render('tabel', [], true)
 5 APPPATH\Controllers\Hal.php(43): view('tabel', [...])
 6 SYSTEMPATH\CodeIgniter.php(896): App\Controllers\Hal->mt('@V_fx1_mVZS=')
 7 SYSTEMPATH\CodeIgniter.php(466): CodeIgniter\CodeIgniter->runController(Object(App\Controllers\Hal))
 8 SYSTEMPATH\CodeIgniter.php(349): CodeIgniter\CodeIgniter->handleRequest(null, Object(Config\Cache), false)
 9 FCPATH\index.php(55): CodeIgniter\CodeIgniter->run()
10 SYSTEMPATH\Commands\Server\rewrite.php(43): require_once('FCPATH\\index.php')
CRITICAL - 2024-01-10 12:21:19 --> Trying to get property 'nama_kriteria' of non-object
in APPPATH\Views\tabel.php on line 53.
 1 APPPATH\Views\tabel.php(53): CodeIgniter\Debug\Exceptions->errorHandler(8, 'Trying to get property \'nama_kriteria\' of non-object', 'APPPATH\\Views\\tabel.php', 53, [...])
 2 SYSTEMPATH\View\View.php(213): include('APPPATH\\Views\\tabel.php')
 3 SYSTEMPATH\View\View.php(216): CodeIgniter\View\View->CodeIgniter\View\{closure}()
 4 SYSTEMPATH\Common.php(1135): CodeIgniter\View\View->render('tabel', [], true)
 5 APPPATH\Controllers\Hal.php(43): view('tabel', [...])
 6 SYSTEMPATH\CodeIgniter.php(896): App\Controllers\Hal->mt('@V_fx1_mVZS=')
 7 SYSTEMPATH\CodeIgniter.php(466): CodeIgniter\CodeIgniter->runController(Object(App\Controllers\Hal))
 8 SYSTEMPATH\CodeIgniter.php(349): CodeIgniter\CodeIgniter->handleRequest(null, Object(Config\Cache), false)
 9 FCPATH\index.php(55): CodeIgniter\CodeIgniter->run()
10 SYSTEMPATH\Commands\Server\rewrite.php(43): require_once('FCPATH\\index.php')
CRITICAL - 2024-01-10 12:38:46 --> Trying to get property 'nama_kriteria' of non-object
in APPPATH\Views\tabel.php on line 53.
 1 APPPATH\Views\tabel.php(53): CodeIgniter\Debug\Exceptions->errorHandler(8, 'Trying to get property \'nama_kriteria\' of non-object', 'APPPATH\\Views\\tabel.php', 53, [...])
 2 SYSTEMPATH\View\View.php(213): include('APPPATH\\Views\\tabel.php')
 3 SYSTEMPATH\View\View.php(216): CodeIgniter\View\View->CodeIgniter\View\{closure}()
 4 SYSTEMPATH\Common.php(1135): CodeIgniter\View\View->render('tabel', [], true)
 5 APPPATH\Controllers\Hal.php(43): view('tabel', [...])
 6 SYSTEMPATH\CodeIgniter.php(896): App\Controllers\Hal->mt('@V_fx1_mVZS=')
 7 SYSTEMPATH\CodeIgniter.php(466): CodeIgniter\CodeIgniter->runController(Object(App\Controllers\Hal))
 8 SYSTEMPATH\CodeIgniter.php(349): CodeIgniter\CodeIgniter->handleRequest(null, Object(Config\Cache), false)
 9 FCPATH\index.php(55): CodeIgniter\CodeIgniter->run()
10 SYSTEMPATH\Commands\Server\rewrite.php(43): require_once('FCPATH\\index.php')
CRITICAL - 2024-01-10 13:27:43 --> Trying to get property 'nama_kriteria' of non-object
in APPPATH\Views\tabel.php on line 53.
 1 APPPATH\Views\tabel.php(53): CodeIgniter\Debug\Exceptions->errorHandler(8, 'Trying to get property \'nama_kriteria\' of non-object', 'APPPATH\\Views\\tabel.php', 53, [...])
 2 SYSTEMPATH\View\View.php(213): include('APPPATH\\Views\\tabel.php')
 3 SYSTEMPATH\View\View.php(216): CodeIgniter\View\View->CodeIgniter\View\{closure}()
 4 SYSTEMPATH\Common.php(1135): CodeIgniter\View\View->render('tabel', [], true)
 5 APPPATH\Controllers\Hal.php(43): view('tabel', [...])
 6 SYSTEMPATH\CodeIgniter.php(896): App\Controllers\Hal->mt('@V_fx1_mVZS=')
 7 SYSTEMPATH\CodeIgniter.php(466): CodeIgniter\CodeIgniter->runController(Object(App\Controllers\Hal))
 8 SYSTEMPATH\CodeIgniter.php(349): CodeIgniter\CodeIgniter->handleRequest(null, Object(Config\Cache), false)
 9 FCPATH\index.php(55): CodeIgniter\CodeIgniter->run()
10 SYSTEMPATH\Commands\Server\rewrite.php(43): require_once('FCPATH\\index.php')
CRITICAL - 2024-01-10 13:56:06 --> Trying to get property 'nama_kriteria' of non-object
in APPPATH\Views\tabel.php on line 53.
 1 APPPATH\Views\tabel.php(53): CodeIgniter\Debug\Exceptions->errorHandler(8, 'Trying to get property \'nama_kriteria\' of non-object', 'APPPATH\\Views\\tabel.php', 53, [...])
 2 SYSTEMPATH\View\View.php(213): include('APPPATH\\Views\\tabel.php')
 3 SYSTEMPATH\View\View.php(216): CodeIgniter\View\View->CodeIgniter\View\{closure}()
 4 SYSTEMPATH\Common.php(1135): CodeIgniter\View\View->render('tabel', [], true)
 5 APPPATH\Controllers\Hal.php(43): view('tabel', [...])
 6 SYSTEMPATH\CodeIgniter.php(896): App\Controllers\Hal->mt('@V_fx1_mVZS=')
 7 SYSTEMPATH\CodeIgniter.php(466): CodeIgniter\CodeIgniter->runController(Object(App\Controllers\Hal))
 8 SYSTEMPATH\CodeIgniter.php(349): CodeIgniter\CodeIgniter->handleRequest(null, Object(Config\Cache), false)
 9 FCPATH\index.php(55): CodeIgniter\CodeIgniter->run()
10 SYSTEMPATH\Commands\Server\rewrite.php(43): require_once('FCPATH\\index.php')
CRITICAL - 2024-01-10 13:56:48 --> Trying to get property 'nama_kriteria' of non-object
in APPPATH\Views\tabel.php on line 53.
 1 APPPATH\Views\tabel.php(53): CodeIgniter\Debug\Exceptions->errorHandler(8, 'Trying to get property \'nama_kriteria\' of non-object', 'APPPATH\\Views\\tabel.php', 53, [...])
 2 SYSTEMPATH\View\View.php(213): include('APPPATH\\Views\\tabel.php')
 3 SYSTEMPATH\View\View.php(216): CodeIgniter\View\View->CodeIgniter\View\{closure}()
 4 SYSTEMPATH\Common.php(1135): CodeIgniter\View\View->render('tabel', [], true)
 5 APPPATH\Controllers\Hal.php(43): view('tabel', [...])
 6 SYSTEMPATH\CodeIgniter.php(896): App\Controllers\Hal->mt('@V_fx1_mVZS=')
 7 SYSTEMPATH\CodeIgniter.php(466): CodeIgniter\CodeIgniter->runController(Object(App\Controllers\Hal))
 8 SYSTEMPATH\CodeIgniter.php(349): CodeIgniter\CodeIgniter->handleRequest(null, Object(Config\Cache), false)
 9 FCPATH\index.php(55): CodeIgniter\CodeIgniter->run()
10 SYSTEMPATH\Commands\Server\rewrite.php(43): require_once('FCPATH\\index.php')
CRITICAL - 2024-01-10 13:58:01 --> Division by zero
in APPPATH\Controllers\Form_bantu.php on line 73.
 1 APPPATH\Controllers\Form_bantu.php(73): CodeIgniter\Debug\Exceptions->errorHandler(2, 'Division by zero', 'APPPATH\\Controllers\\Form_bantu.php', 73, [...])
 2 SYSTEMPATH\CodeIgniter.php(896): App\Controllers\Form_bantu->loadalt('1')
 3 SYSTEMPATH\CodeIgniter.php(466): CodeIgniter\CodeIgniter->runController(Object(App\Controllers\Form_bantu))
 4 SYSTEMPATH\CodeIgniter.php(349): CodeIgniter\CodeIgniter->handleRequest(null, Object(Config\Cache), false)
 5 FCPATH\index.php(55): CodeIgniter\CodeIgniter->run()
 6 SYSTEMPATH\Commands\Server\rewrite.php(43): require_once('FCPATH\\index.php')
CRITICAL - 2024-01-10 13:59:06 --> Trying to get property 'nama_kriteria' of non-object
in APPPATH\Views\tabel.php on line 53.
 1 APPPATH\Views\tabel.php(53): CodeIgniter\Debug\Exceptions->errorHandler(8, 'Trying to get property \'nama_kriteria\' of non-object', 'APPPATH\\Views\\tabel.php', 53, [...])
 2 SYSTEMPATH\View\View.php(213): include('APPPATH\\Views\\tabel.php')
 3 SYSTEMPATH\View\View.php(216): CodeIgniter\View\View->CodeIgniter\View\{closure}()
 4 SYSTEMPATH\Common.php(1135): CodeIgniter\View\View->render('tabel', [], true)
 5 APPPATH\Controllers\Hal.php(43): view('tabel', [...])
 6 SYSTEMPATH\CodeIgniter.php(896): App\Controllers\Hal->mt('@V_fx1_mVZS=')
 7 SYSTEMPATH\CodeIgniter.php(466): CodeIgniter\CodeIgniter->runController(Object(App\Controllers\Hal))
 8 SYSTEMPATH\CodeIgniter.php(349): CodeIgniter\CodeIgniter->handleRequest(null, Object(Config\Cache), false)
 9 FCPATH\index.php(55): CodeIgniter\CodeIgniter->run()
10 SYSTEMPATH\Commands\Server\rewrite.php(43): require_once('FCPATH\\index.php')
