CRITICAL - 2024-08-14 10:35:50 --> Undefined variable: rcn
in APPPATH\Controllers\Form_bantu.php on line 79.
 1 APPPATH\Controllers\Form_bantu.php(79): CodeIgniter\Debug\Exceptions->errorHandler(8, 'Undefined variable: rcn', 'APPPATH\\Controllers\\Form_bantu.php', 79, [...])
 2 SYSTEMPATH\CodeIgniter.php(896): App\Controllers\Form_bantu->rinci('tbl_subk', '27')
 3 SYSTEMPATH\CodeIgniter.php(466): CodeIgniter\CodeIgniter->runController(Object(App\Controllers\Form_bantu))
 4 SYSTEMPATH\CodeIgniter.php(349): CodeIgniter\CodeIgniter->handleRequest(null, Object(Config\Cache), false)
 5 FCPATH\index.php(55): CodeIgniter\CodeIgniter->run()
 6 SYSTEMPATH\Commands\Server\rewrite.php(43): require_once('FCPATH\\index.php')
CRITICAL - 2024-08-14 10:35:52 --> Undefined variable: rcn
in APPPATH\Controllers\Form_bantu.php on line 79.
 1 APPPATH\Controllers\Form_bantu.php(79): CodeIgniter\Debug\Exceptions->errorHandler(8, 'Undefined variable: rcn', 'APPPATH\\Controllers\\Form_bantu.php', 79, [...])
 2 SYSTEMPATH\CodeIgniter.php(896): App\Controllers\Form_bantu->rinci('tbl_subk', '27')
 3 SYSTEMPATH\CodeIgniter.php(466): CodeIgniter\CodeIgniter->runController(Object(App\Controllers\Form_bantu))
 4 SYSTEMPATH\CodeIgniter.php(349): CodeIgniter\CodeIgniter->handleRequest(null, Object(Config\Cache), false)
 5 FCPATH\index.php(55): CodeIgniter\CodeIgniter->run()
 6 SYSTEMPATH\Commands\Server\rewrite.php(43): require_once('FCPATH\\index.php')
CRITICAL - 2024-08-14 10:35:52 --> Undefined variable: rcn
in APPPATH\Controllers\Form_bantu.php on line 79.
 1 APPPATH\Controllers\Form_bantu.php(79): CodeIgniter\Debug\Exceptions->errorHandler(8, 'Undefined variable: rcn', 'APPPATH\\Controllers\\Form_bantu.php', 79, [...])
 2 SYSTEMPATH\CodeIgniter.php(896): App\Controllers\Form_bantu->rinci('tbl_subk', '27')
 3 SYSTEMPATH\CodeIgniter.php(466): CodeIgniter\CodeIgniter->runController(Object(App\Controllers\Form_bantu))
 4 SYSTEMPATH\CodeIgniter.php(349): CodeIgniter\CodeIgniter->handleRequest(null, Object(Config\Cache), false)
 5 FCPATH\index.php(55): CodeIgniter\CodeIgniter->run()
 6 SYSTEMPATH\Commands\Server\rewrite.php(43): require_once('FCPATH\\index.php')
CRITICAL - 2024-08-14 10:35:52 --> Undefined variable: rcn
in APPPATH\Controllers\Form_bantu.php on line 79.
 1 APPPATH\Controllers\Form_bantu.php(79): CodeIgniter\Debug\Exceptions->errorHandler(8, 'Undefined variable: rcn', 'APPPATH\\Controllers\\Form_bantu.php', 79, [...])
 2 SYSTEMPATH\CodeIgniter.php(896): App\Controllers\Form_bantu->rinci('tbl_subk', '27')
 3 SYSTEMPATH\CodeIgniter.php(466): CodeIgniter\CodeIgniter->runController(Object(App\Controllers\Form_bantu))
 4 SYSTEMPATH\CodeIgniter.php(349): CodeIgniter\CodeIgniter->handleRequest(null, Object(Config\Cache), false)
 5 FCPATH\index.php(55): CodeIgniter\CodeIgniter->run()
 6 SYSTEMPATH\Commands\Server\rewrite.php(43): require_once('FCPATH\\index.php')
CRITICAL - 2024-08-14 10:35:52 --> Undefined variable: rcn
in APPPATH\Controllers\Form_bantu.php on line 79.
 1 APPPATH\Controllers\Form_bantu.php(79): CodeIgniter\Debug\Exceptions->errorHandler(8, 'Undefined variable: rcn', 'APPPATH\\Controllers\\Form_bantu.php', 79, [...])
 2 SYSTEMPATH\CodeIgniter.php(896): App\Controllers\Form_bantu->rinci('tbl_subk', '27')
 3 SYSTEMPATH\CodeIgniter.php(466): CodeIgniter\CodeIgniter->runController(Object(App\Controllers\Form_bantu))
 4 SYSTEMPATH\CodeIgniter.php(349): CodeIgniter\CodeIgniter->handleRequest(null, Object(Config\Cache), false)
 5 FCPATH\index.php(55): CodeIgniter\CodeIgniter->run()
 6 SYSTEMPATH\Commands\Server\rewrite.php(43): require_once('FCPATH\\index.php')
CRITICAL - 2024-08-14 10:35:52 --> Undefined variable: rcn
in APPPATH\Controllers\Form_bantu.php on line 79.
 1 APPPATH\Controllers\Form_bantu.php(79): CodeIgniter\Debug\Exceptions->errorHandler(8, 'Undefined variable: rcn', 'APPPATH\\Controllers\\Form_bantu.php', 79, [...])
 2 SYSTEMPATH\CodeIgniter.php(896): App\Controllers\Form_bantu->rinci('tbl_subk', '27')
 3 SYSTEMPATH\CodeIgniter.php(466): CodeIgniter\CodeIgniter->runController(Object(App\Controllers\Form_bantu))
 4 SYSTEMPATH\CodeIgniter.php(349): CodeIgniter\CodeIgniter->handleRequest(null, Object(Config\Cache), false)
 5 FCPATH\index.php(55): CodeIgniter\CodeIgniter->run()
 6 SYSTEMPATH\Commands\Server\rewrite.php(43): require_once('FCPATH\\index.php')
CRITICAL - 2024-08-14 10:35:53 --> Undefined variable: rcn
in APPPATH\Controllers\Form_bantu.php on line 79.
 1 APPPATH\Controllers\Form_bantu.php(79): CodeIgniter\Debug\Exceptions->errorHandler(8, 'Undefined variable: rcn', 'APPPATH\\Controllers\\Form_bantu.php', 79, [...])
 2 SYSTEMPATH\CodeIgniter.php(896): App\Controllers\Form_bantu->rinci('tbl_subk', '27')
 3 SYSTEMPATH\CodeIgniter.php(466): CodeIgniter\CodeIgniter->runController(Object(App\Controllers\Form_bantu))
 4 SYSTEMPATH\CodeIgniter.php(349): CodeIgniter\CodeIgniter->handleRequest(null, Object(Config\Cache), false)
 5 FCPATH\index.php(55): CodeIgniter\CodeIgniter->run()
 6 SYSTEMPATH\Commands\Server\rewrite.php(43): require_once('FCPATH\\index.php')
CRITICAL - 2024-08-14 10:35:55 --> Undefined variable: rcn
in APPPATH\Controllers\Form_bantu.php on line 79.
 1 APPPATH\Controllers\Form_bantu.php(79): CodeIgniter\Debug\Exceptions->errorHandler(8, 'Undefined variable: rcn', 'APPPATH\\Controllers\\Form_bantu.php', 79, [...])
 2 SYSTEMPATH\CodeIgniter.php(896): App\Controllers\Form_bantu->rinci('tbl_kriteria', '9')
 3 SYSTEMPATH\CodeIgniter.php(466): CodeIgniter\CodeIgniter->runController(Object(App\Controllers\Form_bantu))
 4 SYSTEMPATH\CodeIgniter.php(349): CodeIgniter\CodeIgniter->handleRequest(null, Object(Config\Cache), false)
 5 FCPATH\index.php(55): CodeIgniter\CodeIgniter->run()
 6 SYSTEMPATH\Commands\Server\rewrite.php(43): require_once('FCPATH\\index.php')
CRITICAL - 2024-08-14 10:35:56 --> Undefined variable: rcn
in APPPATH\Controllers\Form_bantu.php on line 79.
 1 APPPATH\Controllers\Form_bantu.php(79): CodeIgniter\Debug\Exceptions->errorHandler(8, 'Undefined variable: rcn', 'APPPATH\\Controllers\\Form_bantu.php', 79, [...])
 2 SYSTEMPATH\CodeIgniter.php(896): App\Controllers\Form_bantu->rinci('tbl_kriteria', '9')
 3 SYSTEMPATH\CodeIgniter.php(466): CodeIgniter\CodeIgniter->runController(Object(App\Controllers\Form_bantu))
 4 SYSTEMPATH\CodeIgniter.php(349): CodeIgniter\CodeIgniter->handleRequest(null, Object(Config\Cache), false)
 5 FCPATH\index.php(55): CodeIgniter\CodeIgniter->run()
 6 SYSTEMPATH\Commands\Server\rewrite.php(43): require_once('FCPATH\\index.php')
CRITICAL - 2024-08-14 10:35:59 --> Undefined variable: rcn
in APPPATH\Controllers\Form_bantu.php on line 79.
 1 APPPATH\Controllers\Form_bantu.php(79): CodeIgniter\Debug\Exceptions->errorHandler(8, 'Undefined variable: rcn', 'APPPATH\\Controllers\\Form_bantu.php', 79, [...])
 2 SYSTEMPATH\CodeIgniter.php(896): App\Controllers\Form_bantu->rinci('tbl_alternatif', '100043')
 3 SYSTEMPATH\CodeIgniter.php(466): CodeIgniter\CodeIgniter->runController(Object(App\Controllers\Form_bantu))
 4 SYSTEMPATH\CodeIgniter.php(349): CodeIgniter\CodeIgniter->handleRequest(null, Object(Config\Cache), false)
 5 FCPATH\index.php(55): CodeIgniter\CodeIgniter->run()
 6 SYSTEMPATH\Commands\Server\rewrite.php(43): require_once('FCPATH\\index.php')
CRITICAL - 2024-08-14 10:36:00 --> Undefined variable: rcn
in APPPATH\Controllers\Form_bantu.php on line 79.
 1 APPPATH\Controllers\Form_bantu.php(79): CodeIgniter\Debug\Exceptions->errorHandler(8, 'Undefined variable: rcn', 'APPPATH\\Controllers\\Form_bantu.php', 79, [...])
 2 SYSTEMPATH\CodeIgniter.php(896): App\Controllers\Form_bantu->rinci('tbl_alternatif', '100043')
 3 SYSTEMPATH\CodeIgniter.php(466): CodeIgniter\CodeIgniter->runController(Object(App\Controllers\Form_bantu))
 4 SYSTEMPATH\CodeIgniter.php(349): CodeIgniter\CodeIgniter->handleRequest(null, Object(Config\Cache), false)
 5 FCPATH\index.php(55): CodeIgniter\CodeIgniter->run()
 6 SYSTEMPATH\Commands\Server\rewrite.php(43): require_once('FCPATH\\index.php')
CRITICAL - 2024-08-14 10:36:00 --> Undefined variable: rcn
in APPPATH\Controllers\Form_bantu.php on line 79.
 1 APPPATH\Controllers\Form_bantu.php(79): CodeIgniter\Debug\Exceptions->errorHandler(8, 'Undefined variable: rcn', 'APPPATH\\Controllers\\Form_bantu.php', 79, [...])
 2 SYSTEMPATH\CodeIgniter.php(896): App\Controllers\Form_bantu->rinci('tbl_alternatif', '100043')
 3 SYSTEMPATH\CodeIgniter.php(466): CodeIgniter\CodeIgniter->runController(Object(App\Controllers\Form_bantu))
 4 SYSTEMPATH\CodeIgniter.php(349): CodeIgniter\CodeIgniter->handleRequest(null, Object(Config\Cache), false)
 5 FCPATH\index.php(55): CodeIgniter\CodeIgniter->run()
 6 SYSTEMPATH\Commands\Server\rewrite.php(43): require_once('FCPATH\\index.php')
CRITICAL - 2024-08-14 10:36:00 --> Undefined variable: rcn
in APPPATH\Controllers\Form_bantu.php on line 79.
 1 APPPATH\Controllers\Form_bantu.php(79): CodeIgniter\Debug\Exceptions->errorHandler(8, 'Undefined variable: rcn', 'APPPATH\\Controllers\\Form_bantu.php', 79, [...])
 2 SYSTEMPATH\CodeIgniter.php(896): App\Controllers\Form_bantu->rinci('tbl_alternatif', '100043')
 3 SYSTEMPATH\CodeIgniter.php(466): CodeIgniter\CodeIgniter->runController(Object(App\Controllers\Form_bantu))
 4 SYSTEMPATH\CodeIgniter.php(349): CodeIgniter\CodeIgniter->handleRequest(null, Object(Config\Cache), false)
 5 FCPATH\index.php(55): CodeIgniter\CodeIgniter->run()
 6 SYSTEMPATH\Commands\Server\rewrite.php(43): require_once('FCPATH\\index.php')
CRITICAL - 2024-08-14 10:46:59 --> Trying to get property 'nama_kriteria' of non-object
in APPPATH\Views\tabel.php on line 83.
 1 APPPATH\Views\tabel.php(83): CodeIgniter\Debug\Exceptions->errorHandler(8, 'Trying to get property \'nama_kriteria\' of non-object', 'APPPATH\\Views\\tabel.php', 83, [...])
 2 SYSTEMPATH\View\View.php(213): include('APPPATH\\Views\\tabel.php')
 3 SYSTEMPATH\View\View.php(216): CodeIgniter\View\View->CodeIgniter\View\{closure}()
 4 SYSTEMPATH\Common.php(1135): CodeIgniter\View\View->render('tabel', [], true)
 5 APPPATH\Controllers\Hal.php(51): view('tabel', [...])
 6 SYSTEMPATH\CodeIgniter.php(896): App\Controllers\Hal->mt('@V_fx1_mVZS=')
 7 SYSTEMPATH\CodeIgniter.php(466): CodeIgniter\CodeIgniter->runController(Object(App\Controllers\Hal))
 8 SYSTEMPATH\CodeIgniter.php(349): CodeIgniter\CodeIgniter->handleRequest(null, Object(Config\Cache), false)
 9 FCPATH\index.php(55): CodeIgniter\CodeIgniter->run()
10 SYSTEMPATH\Commands\Server\rewrite.php(43): require_once('FCPATH\\index.php')
CRITICAL - 2024-08-14 10:56:21 --> Call to undefined method CodeIgniter\Database\MySQLi\Connection::field_data()
in APPPATH\Controllers\Form_bantu.php on line 62.
 1 SYSTEMPATH\CodeIgniter.php(896): App\Controllers\Form_bantu->rinci('tbl_subk', '27')
 2 SYSTEMPATH\CodeIgniter.php(466): CodeIgniter\CodeIgniter->runController(Object(App\Controllers\Form_bantu))
 3 SYSTEMPATH\CodeIgniter.php(349): CodeIgniter\CodeIgniter->handleRequest(null, Object(Config\Cache), false)
 4 FCPATH\index.php(55): CodeIgniter\CodeIgniter->run()
 5 SYSTEMPATH\Commands\Server\rewrite.php(43): require_once('FCPATH\\index.php')
CRITICAL - 2024-08-14 10:56:22 --> Call to undefined method CodeIgniter\Database\MySQLi\Connection::field_data()
in APPPATH\Controllers\Form_bantu.php on line 62.
 1 SYSTEMPATH\CodeIgniter.php(896): App\Controllers\Form_bantu->rinci('tbl_subk', '27')
 2 SYSTEMPATH\CodeIgniter.php(466): CodeIgniter\CodeIgniter->runController(Object(App\Controllers\Form_bantu))
 3 SYSTEMPATH\CodeIgniter.php(349): CodeIgniter\CodeIgniter->handleRequest(null, Object(Config\Cache), false)
 4 FCPATH\index.php(55): CodeIgniter\CodeIgniter->run()
 5 SYSTEMPATH\Commands\Server\rewrite.php(43): require_once('FCPATH\\index.php')
CRITICAL - 2024-08-14 10:56:22 --> Call to undefined method CodeIgniter\Database\MySQLi\Connection::field_data()
in APPPATH\Controllers\Form_bantu.php on line 62.
 1 SYSTEMPATH\CodeIgniter.php(896): App\Controllers\Form_bantu->rinci('tbl_subk', '27')
 2 SYSTEMPATH\CodeIgniter.php(466): CodeIgniter\CodeIgniter->runController(Object(App\Controllers\Form_bantu))
 3 SYSTEMPATH\CodeIgniter.php(349): CodeIgniter\CodeIgniter->handleRequest(null, Object(Config\Cache), false)
 4 FCPATH\index.php(55): CodeIgniter\CodeIgniter->run()
 5 SYSTEMPATH\Commands\Server\rewrite.php(43): require_once('FCPATH\\index.php')
CRITICAL - 2024-08-14 10:56:23 --> Call to undefined method CodeIgniter\Database\MySQLi\Connection::field_data()
in APPPATH\Controllers\Form_bantu.php on line 62.
 1 SYSTEMPATH\CodeIgniter.php(896): App\Controllers\Form_bantu->rinci('tbl_subk', '27')
 2 SYSTEMPATH\CodeIgniter.php(466): CodeIgniter\CodeIgniter->runController(Object(App\Controllers\Form_bantu))
 3 SYSTEMPATH\CodeIgniter.php(349): CodeIgniter\CodeIgniter->handleRequest(null, Object(Config\Cache), false)
 4 FCPATH\index.php(55): CodeIgniter\CodeIgniter->run()
 5 SYSTEMPATH\Commands\Server\rewrite.php(43): require_once('FCPATH\\index.php')
CRITICAL - 2024-08-14 10:56:23 --> Call to undefined method CodeIgniter\Database\MySQLi\Connection::field_data()
in APPPATH\Controllers\Form_bantu.php on line 62.
 1 SYSTEMPATH\CodeIgniter.php(896): App\Controllers\Form_bantu->rinci('tbl_subk', '27')
 2 SYSTEMPATH\CodeIgniter.php(466): CodeIgniter\CodeIgniter->runController(Object(App\Controllers\Form_bantu))
 3 SYSTEMPATH\CodeIgniter.php(349): CodeIgniter\CodeIgniter->handleRequest(null, Object(Config\Cache), false)
 4 FCPATH\index.php(55): CodeIgniter\CodeIgniter->run()
 5 SYSTEMPATH\Commands\Server\rewrite.php(43): require_once('FCPATH\\index.php')
CRITICAL - 2024-08-14 10:56:23 --> Call to undefined method CodeIgniter\Database\MySQLi\Connection::field_data()
in APPPATH\Controllers\Form_bantu.php on line 62.
 1 SYSTEMPATH\CodeIgniter.php(896): App\Controllers\Form_bantu->rinci('tbl_subk', '27')
 2 SYSTEMPATH\CodeIgniter.php(466): CodeIgniter\CodeIgniter->runController(Object(App\Controllers\Form_bantu))
 3 SYSTEMPATH\CodeIgniter.php(349): CodeIgniter\CodeIgniter->handleRequest(null, Object(Config\Cache), false)
 4 FCPATH\index.php(55): CodeIgniter\CodeIgniter->run()
 5 SYSTEMPATH\Commands\Server\rewrite.php(43): require_once('FCPATH\\index.php')
CRITICAL - 2024-08-14 10:56:23 --> Call to undefined method CodeIgniter\Database\MySQLi\Connection::field_data()
in APPPATH\Controllers\Form_bantu.php on line 62.
 1 SYSTEMPATH\CodeIgniter.php(896): App\Controllers\Form_bantu->rinci('tbl_subk', '27')
 2 SYSTEMPATH\CodeIgniter.php(466): CodeIgniter\CodeIgniter->runController(Object(App\Controllers\Form_bantu))
 3 SYSTEMPATH\CodeIgniter.php(349): CodeIgniter\CodeIgniter->handleRequest(null, Object(Config\Cache), false)
 4 FCPATH\index.php(55): CodeIgniter\CodeIgniter->run()
 5 SYSTEMPATH\Commands\Server\rewrite.php(43): require_once('FCPATH\\index.php')
CRITICAL - 2024-08-14 10:56:24 --> Call to undefined method CodeIgniter\Database\MySQLi\Connection::field_data()
in APPPATH\Controllers\Form_bantu.php on line 62.
 1 SYSTEMPATH\CodeIgniter.php(896): App\Controllers\Form_bantu->rinci('tbl_subk', '27')
 2 SYSTEMPATH\CodeIgniter.php(466): CodeIgniter\CodeIgniter->runController(Object(App\Controllers\Form_bantu))
 3 SYSTEMPATH\CodeIgniter.php(349): CodeIgniter\CodeIgniter->handleRequest(null, Object(Config\Cache), false)
 4 FCPATH\index.php(55): CodeIgniter\CodeIgniter->run()
 5 SYSTEMPATH\Commands\Server\rewrite.php(43): require_once('FCPATH\\index.php')
CRITICAL - 2024-08-14 10:56:24 --> Call to undefined method CodeIgniter\Database\MySQLi\Connection::field_data()
in APPPATH\Controllers\Form_bantu.php on line 62.
 1 SYSTEMPATH\CodeIgniter.php(896): App\Controllers\Form_bantu->rinci('tbl_subk', '27')
 2 SYSTEMPATH\CodeIgniter.php(466): CodeIgniter\CodeIgniter->runController(Object(App\Controllers\Form_bantu))
 3 SYSTEMPATH\CodeIgniter.php(349): CodeIgniter\CodeIgniter->handleRequest(null, Object(Config\Cache), false)
 4 FCPATH\index.php(55): CodeIgniter\CodeIgniter->run()
 5 SYSTEMPATH\Commands\Server\rewrite.php(43): require_once('FCPATH\\index.php')
CRITICAL - 2024-08-14 10:57:06 --> Call to undefined method CodeIgniter\Database\MySQLi\Connection::field_data()
in APPPATH\Controllers\Form_bantu.php on line 62.
 1 SYSTEMPATH\CodeIgniter.php(896): App\Controllers\Form_bantu->rinci('tbl_subk', '27')
 2 SYSTEMPATH\CodeIgniter.php(466): CodeIgniter\CodeIgniter->runController(Object(App\Controllers\Form_bantu))
 3 SYSTEMPATH\CodeIgniter.php(349): CodeIgniter\CodeIgniter->handleRequest(null, Object(Config\Cache), false)
 4 FCPATH\index.php(55): CodeIgniter\CodeIgniter->run()
 5 SYSTEMPATH\Commands\Server\rewrite.php(43): require_once('FCPATH\\index.php')
CRITICAL - 2024-08-14 10:57:08 --> Call to undefined method CodeIgniter\Database\MySQLi\Connection::field_data()
in APPPATH\Controllers\Form_bantu.php on line 62.
 1 SYSTEMPATH\CodeIgniter.php(896): App\Controllers\Form_bantu->rinci('tbl_subk', '27')
 2 SYSTEMPATH\CodeIgniter.php(466): CodeIgniter\CodeIgniter->runController(Object(App\Controllers\Form_bantu))
 3 SYSTEMPATH\CodeIgniter.php(349): CodeIgniter\CodeIgniter->handleRequest(null, Object(Config\Cache), false)
 4 FCPATH\index.php(55): CodeIgniter\CodeIgniter->run()
 5 SYSTEMPATH\Commands\Server\rewrite.php(43): require_once('FCPATH\\index.php')
CRITICAL - 2024-08-14 10:57:08 --> Call to undefined method CodeIgniter\Database\MySQLi\Connection::field_data()
in APPPATH\Controllers\Form_bantu.php on line 62.
 1 SYSTEMPATH\CodeIgniter.php(896): App\Controllers\Form_bantu->rinci('tbl_subk', '27')
 2 SYSTEMPATH\CodeIgniter.php(466): CodeIgniter\CodeIgniter->runController(Object(App\Controllers\Form_bantu))
 3 SYSTEMPATH\CodeIgniter.php(349): CodeIgniter\CodeIgniter->handleRequest(null, Object(Config\Cache), false)
 4 FCPATH\index.php(55): CodeIgniter\CodeIgniter->run()
 5 SYSTEMPATH\Commands\Server\rewrite.php(43): require_once('FCPATH\\index.php')
CRITICAL - 2024-08-14 11:56:44 --> Trying to get property 'nama_kriteria' of non-object
in APPPATH\Views\tabel.php on line 83.
 1 APPPATH\Views\tabel.php(83): CodeIgniter\Debug\Exceptions->errorHandler(8, 'Trying to get property \'nama_kriteria\' of non-object', 'APPPATH\\Views\\tabel.php', 83, [...])
 2 SYSTEMPATH\View\View.php(213): include('APPPATH\\Views\\tabel.php')
 3 SYSTEMPATH\View\View.php(216): CodeIgniter\View\View->CodeIgniter\View\{closure}()
 4 SYSTEMPATH\Common.php(1135): CodeIgniter\View\View->render('tabel', [], true)
 5 APPPATH\Controllers\Hal.php(51): view('tabel', [...])
 6 SYSTEMPATH\CodeIgniter.php(896): App\Controllers\Hal->mt('@V_fx1_mVZS=')
 7 SYSTEMPATH\CodeIgniter.php(466): CodeIgniter\CodeIgniter->runController(Object(App\Controllers\Hal))
 8 SYSTEMPATH\CodeIgniter.php(349): CodeIgniter\CodeIgniter->handleRequest(null, Object(Config\Cache), false)
 9 FCPATH\index.php(55): CodeIgniter\CodeIgniter->run()
10 SYSTEMPATH\Commands\Server\rewrite.php(43): require_once('FCPATH\\index.php')
CRITICAL - 2024-08-14 14:18:00 --> Undefined property: stdClass::$no
in APPPATH\Views\tabel.php on line 56.
 1 APPPATH\Views\tabel.php(56): CodeIgniter\Debug\Exceptions->errorHandler(8, 'Undefined property: stdClass::$no', 'APPPATH\\Views\\tabel.php', 56, [...])
 2 SYSTEMPATH\View\View.php(213): include('APPPATH\\Views\\tabel.php')
 3 SYSTEMPATH\View\View.php(216): CodeIgniter\View\View->CodeIgniter\View\{closure}()
 4 SYSTEMPATH\Common.php(1135): CodeIgniter\View\View->render('tabel', [], true)
 5 APPPATH\Controllers\Hal.php(51): view('tabel', [...])
 6 SYSTEMPATH\CodeIgniter.php(896): App\Controllers\Hal->mt('@V_fx1_mVZS=')
 7 SYSTEMPATH\CodeIgniter.php(466): CodeIgniter\CodeIgniter->runController(Object(App\Controllers\Hal))
 8 SYSTEMPATH\CodeIgniter.php(349): CodeIgniter\CodeIgniter->handleRequest(null, Object(Config\Cache), false)
 9 FCPATH\index.php(55): CodeIgniter\CodeIgniter->run()
10 SYSTEMPATH\Commands\Server\rewrite.php(43): require_once('FCPATH\\index.php')
CRITICAL - 2024-08-14 14:18:45 --> Undefined property: stdClass::$no
in APPPATH\Views\tabel.php on line 56.
 1 APPPATH\Views\tabel.php(56): CodeIgniter\Debug\Exceptions->errorHandler(8, 'Undefined property: stdClass::$no', 'APPPATH\\Views\\tabel.php', 56, [...])
 2 SYSTEMPATH\View\View.php(213): include('APPPATH\\Views\\tabel.php')
 3 SYSTEMPATH\View\View.php(216): CodeIgniter\View\View->CodeIgniter\View\{closure}()
 4 SYSTEMPATH\Common.php(1135): CodeIgniter\View\View->render('tabel', [], true)
 5 APPPATH\Controllers\Hal.php(51): view('tabel', [...])
 6 SYSTEMPATH\CodeIgniter.php(896): App\Controllers\Hal->mt('@V_fx1_mVZS=')
 7 SYSTEMPATH\CodeIgniter.php(466): CodeIgniter\CodeIgniter->runController(Object(App\Controllers\Hal))
 8 SYSTEMPATH\CodeIgniter.php(349): CodeIgniter\CodeIgniter->handleRequest(null, Object(Config\Cache), false)
 9 FCPATH\index.php(55): CodeIgniter\CodeIgniter->run()
10 SYSTEMPATH\Commands\Server\rewrite.php(43): require_once('FCPATH\\index.php')
CRITICAL - 2024-08-14 14:33:37 --> Undefined property: stdClass::$no
in APPPATH\Views\tabel.php on line 56.
 1 APPPATH\Views\tabel.php(56): CodeIgniter\Debug\Exceptions->errorHandler(8, 'Undefined property: stdClass::$no', 'APPPATH\\Views\\tabel.php', 56, [...])
 2 SYSTEMPATH\View\View.php(213): include('APPPATH\\Views\\tabel.php')
 3 SYSTEMPATH\View\View.php(216): CodeIgniter\View\View->CodeIgniter\View\{closure}()
 4 SYSTEMPATH\Common.php(1135): CodeIgniter\View\View->render('tabel', [], true)
 5 APPPATH\Controllers\Hal.php(51): view('tabel', [...])
 6 SYSTEMPATH\CodeIgniter.php(896): App\Controllers\Hal->mt('@V_fx1_mVZS=')
 7 SYSTEMPATH\CodeIgniter.php(466): CodeIgniter\CodeIgniter->runController(Object(App\Controllers\Hal))
 8 SYSTEMPATH\CodeIgniter.php(349): CodeIgniter\CodeIgniter->handleRequest(null, Object(Config\Cache), false)
 9 FCPATH\index.php(55): CodeIgniter\CodeIgniter->run()
10 SYSTEMPATH\Commands\Server\rewrite.php(43): require_once('FCPATH\\index.php')
CRITICAL - 2024-08-14 14:33:50 --> Undefined property: stdClass::$no
in APPPATH\Views\tabel.php on line 56.
 1 APPPATH\Views\tabel.php(56): CodeIgniter\Debug\Exceptions->errorHandler(8, 'Undefined property: stdClass::$no', 'APPPATH\\Views\\tabel.php', 56, [...])
 2 SYSTEMPATH\View\View.php(213): include('APPPATH\\Views\\tabel.php')
 3 SYSTEMPATH\View\View.php(216): CodeIgniter\View\View->CodeIgniter\View\{closure}()
 4 SYSTEMPATH\Common.php(1135): CodeIgniter\View\View->render('tabel', [], true)
 5 APPPATH\Controllers\Hal.php(51): view('tabel', [...])
 6 SYSTEMPATH\CodeIgniter.php(896): App\Controllers\Hal->mt('@V_fx1_mVZS=')
 7 SYSTEMPATH\CodeIgniter.php(466): CodeIgniter\CodeIgniter->runController(Object(App\Controllers\Hal))
 8 SYSTEMPATH\CodeIgniter.php(349): CodeIgniter\CodeIgniter->handleRequest(null, Object(Config\Cache), false)
 9 FCPATH\index.php(55): CodeIgniter\CodeIgniter->run()
10 SYSTEMPATH\Commands\Server\rewrite.php(43): require_once('FCPATH\\index.php')
CRITICAL - 2024-08-14 14:34:59 --> Undefined property: stdClass::$no
in APPPATH\Views\tabel.php on line 56.
 1 APPPATH\Views\tabel.php(56): CodeIgniter\Debug\Exceptions->errorHandler(8, 'Undefined property: stdClass::$no', 'APPPATH\\Views\\tabel.php', 56, [...])
 2 SYSTEMPATH\View\View.php(213): include('APPPATH\\Views\\tabel.php')
 3 SYSTEMPATH\View\View.php(216): CodeIgniter\View\View->CodeIgniter\View\{closure}()
 4 SYSTEMPATH\Common.php(1135): CodeIgniter\View\View->render('tabel', [], true)
 5 APPPATH\Controllers\Hal.php(51): view('tabel', [...])
 6 SYSTEMPATH\CodeIgniter.php(896): App\Controllers\Hal->mt('@V_fx1_mVZS=')
 7 SYSTEMPATH\CodeIgniter.php(466): CodeIgniter\CodeIgniter->runController(Object(App\Controllers\Hal))
 8 SYSTEMPATH\CodeIgniter.php(349): CodeIgniter\CodeIgniter->handleRequest(null, Object(Config\Cache), false)
 9 FCPATH\index.php(55): CodeIgniter\CodeIgniter->run()
10 SYSTEMPATH\Commands\Server\rewrite.php(43): require_once('FCPATH\\index.php')
