CRITICAL - 2024-07-22 20:07:26 --> Trying to get property 'nama_kriteria' of non-object
in APPPATH\Views\tabel.php on line 53.
 1 APPPATH\Views\tabel.php(53): CodeIgniter\Debug\Exceptions->errorHandler(8, 'Trying to get property \'nama_kriteria\' of non-object', 'APPPATH\\Views\\tabel.php', 53, [...])
 2 SYSTEMPATH\View\View.php(213): include('APPPATH\\Views\\tabel.php')
 3 SYSTEMPATH\View\View.php(216): CodeIgniter\View\View->CodeIgniter\View\{closure}()
 4 SYSTEMPATH\Common.php(1135): CodeIgniter\View\View->render('tabel', [], true)
 5 APPPATH\Controllers\Hal.php(51): view('tabel', [...])
 6 SYSTEMPATH\CodeIgniter.php(896): App\Controllers\Hal->mt('@V_fx1_mVZS=')
 7 SYSTEMPATH\CodeIgniter.php(466): CodeIgniter\CodeIgniter->runController(Object(App\Controllers\Hal))
 8 SYSTEMPATH\CodeIgniter.php(349): CodeIgniter\CodeIgniter->handleRequest(null, Object(Config\Cache), false)
 9 FCPATH\index.php(55): CodeIgniter\CodeIgniter->run()
10 SYSTEMPATH\Commands\Server\rewrite.php(43): require_once('FCPATH\\index.php')
CRITICAL - 2024-07-22 20:51:29 --> Undefined variable: n
in APPPATH\Views\hitung.php on line 83.
 1 APPPATH\Views\hitung.php(83): CodeIgniter\Debug\Exceptions->errorHandler(8, 'Undefined variable: n', 'APPPATH\\Views\\hitung.php', 83, [...])
 2 SYSTEMPATH\View\View.php(213): include('APPPATH\\Views\\hitung.php')
 3 SYSTEMPATH\View\View.php(216): CodeIgniter\View\View->CodeIgniter\View\{closure}()
 4 SYSTEMPATH\Common.php(1135): CodeIgniter\View\View->render('hitung', [], true)
 5 APPPATH\Controllers\Hal.php(159): view('hitung', [...])
 6 SYSTEMPATH\CodeIgniter.php(896): App\Controllers\Hal->hitung()
 7 SYSTEMPATH\CodeIgniter.php(466): CodeIgniter\CodeIgniter->runController(Object(App\Controllers\Hal))
 8 SYSTEMPATH\CodeIgniter.php(349): CodeIgniter\CodeIgniter->handleRequest(null, Object(Config\Cache), false)
 9 FCPATH\index.php(55): CodeIgniter\CodeIgniter->run()
10 SYSTEMPATH\Commands\Server\rewrite.php(43): require_once('FCPATH\\index.php')
CRITICAL - 2024-07-22 21:20:05 --> Trying to get property 'nama_kriteria' of non-object
in APPPATH\Views\tabel.php on line 53.
 1 APPPATH\Views\tabel.php(53): CodeIgniter\Debug\Exceptions->errorHandler(8, 'Trying to get property \'nama_kriteria\' of non-object', 'APPPATH\\Views\\tabel.php', 53, [...])
 2 SYSTEMPATH\View\View.php(213): include('APPPATH\\Views\\tabel.php')
 3 SYSTEMPATH\View\View.php(216): CodeIgniter\View\View->CodeIgniter\View\{closure}()
 4 SYSTEMPATH\Common.php(1135): CodeIgniter\View\View->render('tabel', [], true)
 5 APPPATH\Controllers\Hal.php(51): view('tabel', [...])
 6 SYSTEMPATH\CodeIgniter.php(896): App\Controllers\Hal->mt('@V_fx1_mVZS=')
 7 SYSTEMPATH\CodeIgniter.php(466): CodeIgniter\CodeIgniter->runController(Object(App\Controllers\Hal))
 8 SYSTEMPATH\CodeIgniter.php(349): CodeIgniter\CodeIgniter->handleRequest(null, Object(Config\Cache), false)
 9 FCPATH\index.php(55): CodeIgniter\CodeIgniter->run()
10 SYSTEMPATH\Commands\Server\rewrite.php(43): require_once('FCPATH\\index.php')
CRITICAL - 2024-07-22 21:22:45 --> Undefined variable: n
in APPPATH\Views\hitung.php on line 83.
 1 APPPATH\Views\hitung.php(83): CodeIgniter\Debug\Exceptions->errorHandler(8, 'Undefined variable: n', 'APPPATH\\Views\\hitung.php', 83, [...])
 2 SYSTEMPATH\View\View.php(213): include('APPPATH\\Views\\hitung.php')
 3 SYSTEMPATH\View\View.php(216): CodeIgniter\View\View->CodeIgniter\View\{closure}()
 4 SYSTEMPATH\Common.php(1135): CodeIgniter\View\View->render('hitung', [], true)
 5 APPPATH\Controllers\Hal.php(159): view('hitung', [...])
 6 SYSTEMPATH\CodeIgniter.php(896): App\Controllers\Hal->hitung()
 7 SYSTEMPATH\CodeIgniter.php(466): CodeIgniter\CodeIgniter->runController(Object(App\Controllers\Hal))
 8 SYSTEMPATH\CodeIgniter.php(349): CodeIgniter\CodeIgniter->handleRequest(null, Object(Config\Cache), false)
 9 FCPATH\index.php(55): CodeIgniter\CodeIgniter->run()
10 SYSTEMPATH\Commands\Server\rewrite.php(43): require_once('FCPATH\\index.php')
CRITICAL - 2024-07-22 21:28:14 --> Trying to get property 'nama_kriteria' of non-object
in APPPATH\Views\tabel.php on line 53.
 1 APPPATH\Views\tabel.php(53): CodeIgniter\Debug\Exceptions->errorHandler(8, 'Trying to get property \'nama_kriteria\' of non-object', 'APPPATH\\Views\\tabel.php', 53, [...])
 2 SYSTEMPATH\View\View.php(213): include('APPPATH\\Views\\tabel.php')
 3 SYSTEMPATH\View\View.php(216): CodeIgniter\View\View->CodeIgniter\View\{closure}()
 4 SYSTEMPATH\Common.php(1135): CodeIgniter\View\View->render('tabel', [], true)
 5 APPPATH\Controllers\Hal.php(51): view('tabel', [...])
 6 SYSTEMPATH\CodeIgniter.php(896): App\Controllers\Hal->mt('@V_fx1_mVZS=')
 7 SYSTEMPATH\CodeIgniter.php(466): CodeIgniter\CodeIgniter->runController(Object(App\Controllers\Hal))
 8 SYSTEMPATH\CodeIgniter.php(349): CodeIgniter\CodeIgniter->handleRequest(null, Object(Config\Cache), false)
 9 FCPATH\index.php(55): CodeIgniter\CodeIgniter->run()
10 SYSTEMPATH\Commands\Server\rewrite.php(43): require_once('FCPATH\\index.php')
CRITICAL - 2024-07-22 21:28:26 --> Trying to get property 'nama_kriteria' of non-object
in APPPATH\Views\tabel.php on line 53.
 1 APPPATH\Views\tabel.php(53): CodeIgniter\Debug\Exceptions->errorHandler(8, 'Trying to get property \'nama_kriteria\' of non-object', 'APPPATH\\Views\\tabel.php', 53, [...])
 2 SYSTEMPATH\View\View.php(213): include('APPPATH\\Views\\tabel.php')
 3 SYSTEMPATH\View\View.php(216): CodeIgniter\View\View->CodeIgniter\View\{closure}()
 4 SYSTEMPATH\Common.php(1135): CodeIgniter\View\View->render('tabel', [], true)
 5 APPPATH\Controllers\Hal.php(51): view('tabel', [...])
 6 SYSTEMPATH\CodeIgniter.php(896): App\Controllers\Hal->mt('@V_fx1_mVZS=')
 7 SYSTEMPATH\CodeIgniter.php(466): CodeIgniter\CodeIgniter->runController(Object(App\Controllers\Hal))
 8 SYSTEMPATH\CodeIgniter.php(349): CodeIgniter\CodeIgniter->handleRequest(null, Object(Config\Cache), false)
 9 FCPATH\index.php(55): CodeIgniter\CodeIgniter->run()
10 SYSTEMPATH\Commands\Server\rewrite.php(43): require_once('FCPATH\\index.php')
CRITICAL - 2024-07-22 21:28:29 --> Trying to get property 'nama_kriteria' of non-object
in APPPATH\Views\tabel.php on line 53.
 1 APPPATH\Views\tabel.php(53): CodeIgniter\Debug\Exceptions->errorHandler(8, 'Trying to get property \'nama_kriteria\' of non-object', 'APPPATH\\Views\\tabel.php', 53, [...])
 2 SYSTEMPATH\View\View.php(213): include('APPPATH\\Views\\tabel.php')
 3 SYSTEMPATH\View\View.php(216): CodeIgniter\View\View->CodeIgniter\View\{closure}()
 4 SYSTEMPATH\Common.php(1135): CodeIgniter\View\View->render('tabel', [], true)
 5 APPPATH\Controllers\Hal.php(51): view('tabel', [...])
 6 SYSTEMPATH\CodeIgniter.php(896): App\Controllers\Hal->mt('@V_fx1_mVZS=')
 7 SYSTEMPATH\CodeIgniter.php(466): CodeIgniter\CodeIgniter->runController(Object(App\Controllers\Hal))
 8 SYSTEMPATH\CodeIgniter.php(349): CodeIgniter\CodeIgniter->handleRequest(null, Object(Config\Cache), false)
 9 FCPATH\index.php(55): CodeIgniter\CodeIgniter->run()
10 SYSTEMPATH\Commands\Server\rewrite.php(43): require_once('FCPATH\\index.php')
CRITICAL - 2024-07-22 21:28:52 --> Trying to get property 'nama_kriteria' of non-object
in APPPATH\Views\tabel.php on line 53.
 1 APPPATH\Views\tabel.php(53): CodeIgniter\Debug\Exceptions->errorHandler(8, 'Trying to get property \'nama_kriteria\' of non-object', 'APPPATH\\Views\\tabel.php', 53, [...])
 2 SYSTEMPATH\View\View.php(213): include('APPPATH\\Views\\tabel.php')
 3 SYSTEMPATH\View\View.php(216): CodeIgniter\View\View->CodeIgniter\View\{closure}()
 4 SYSTEMPATH\Common.php(1135): CodeIgniter\View\View->render('tabel', [], true)
 5 APPPATH\Controllers\Hal.php(51): view('tabel', [...])
 6 SYSTEMPATH\CodeIgniter.php(896): App\Controllers\Hal->mt('@V_fx1_mVZS=')
 7 SYSTEMPATH\CodeIgniter.php(466): CodeIgniter\CodeIgniter->runController(Object(App\Controllers\Hal))
 8 SYSTEMPATH\CodeIgniter.php(349): CodeIgniter\CodeIgniter->handleRequest(null, Object(Config\Cache), false)
 9 FCPATH\index.php(55): CodeIgniter\CodeIgniter->run()
10 SYSTEMPATH\Commands\Server\rewrite.php(43): require_once('FCPATH\\index.php')
CRITICAL - 2024-07-22 21:40:49 --> Trying to get property 'nama_kriteria' of non-object
in APPPATH\Views\tabel.php on line 53.
 1 APPPATH\Views\tabel.php(53): CodeIgniter\Debug\Exceptions->errorHandler(8, 'Trying to get property \'nama_kriteria\' of non-object', 'APPPATH\\Views\\tabel.php', 53, [...])
 2 SYSTEMPATH\View\View.php(213): include('APPPATH\\Views\\tabel.php')
 3 SYSTEMPATH\View\View.php(216): CodeIgniter\View\View->CodeIgniter\View\{closure}()
 4 SYSTEMPATH\Common.php(1135): CodeIgniter\View\View->render('tabel', [], true)
 5 APPPATH\Controllers\Hal.php(51): view('tabel', [...])
 6 SYSTEMPATH\CodeIgniter.php(896): App\Controllers\Hal->mt('@V_fx1_mVZS=')
 7 SYSTEMPATH\CodeIgniter.php(466): CodeIgniter\CodeIgniter->runController(Object(App\Controllers\Hal))
 8 SYSTEMPATH\CodeIgniter.php(349): CodeIgniter\CodeIgniter->handleRequest(null, Object(Config\Cache), false)
 9 FCPATH\index.php(55): CodeIgniter\CodeIgniter->run()
10 SYSTEMPATH\Commands\Server\rewrite.php(43): require_once('FCPATH\\index.php')
