CRITICAL - 2024-07-23 21:58:48 --> syntax error, unexpected '}'
in APPPATH\Views\tabel.php on line 34.
 1 SYSTEMPATH\View\View.php(216): CodeIgniter\View\View->CodeIgniter\View\{closure}()
 2 SYSTEMPATH\Common.php(1135): CodeIgniter\View\View->render('tabel', [], true)
 3 APPPATH\Controllers\Hal.php(51): view('tabel', [...])
 4 SYSTEMPATH\CodeIgniter.php(896): App\Controllers\Hal->mt('@V_fxL8e7faJpbrRgxV=')
 5 SYSTEMPATH\CodeIgniter.php(466): CodeIgniter\CodeIgniter->runController(Object(App\Controllers\Hal))
 6 SYSTEMPATH\CodeIgniter.php(349): CodeIgniter\CodeIgniter->handleRequest(null, Object(Config\Cache), false)
 7 FCPATH\index.php(55): CodeIgniter\CodeIgniter->run()
 8 SYSTEMPATH\Commands\Server\rewrite.php(43): require_once('FCPATH\\index.php')
CRITICAL - 2024-07-23 22:11:35 --> Trying to get property 'nama_kriteria' of non-object
in APPPATH\Views\tabel.php on line 53.
 1 APPPATH\Views\tabel.php(53): CodeIgniter\Debug\Exceptions->errorHandler(8, 'Trying to get property \'nama_kriteria\' of non-object', 'APPPATH\\Views\\tabel.php', 53, [...])
 2 SYSTEMPATH\View\View.php(213): include('APPPATH\\Views\\tabel.php')
 3 SYSTEMPATH\View\View.php(216): CodeIgniter\View\View->CodeIgniter\View\{closure}()
 4 SYSTEMPATH\Common.php(1135): CodeIgniter\View\View->render('tabel', [], true)
 5 APPPATH\Controllers\Hal.php(51): view('tabel', [...])
 6 SYSTEMPATH\CodeIgniter.php(896): App\Controllers\Hal->mt('@V_fx1_mVZS=')
 7 SYSTEMPATH\CodeIgniter.php(466): CodeIgniter\CodeIgniter->runController(Object(App\Controllers\Hal))
 8 SYSTEMPATH\CodeIgniter.php(349): CodeIgniter\CodeIgniter->handleRequest(null, Object(Config\Cache), false)
 9 FCPATH\index.php(55): CodeIgniter\CodeIgniter->run()
10 SYSTEMPATH\Commands\Server\rewrite.php(43): require_once('FCPATH\\index.php')
CRITICAL - 2024-07-23 22:14:48 --> Trying to get property 'nama_kriteria' of non-object
in APPPATH\Views\tabel.php on line 53.
 1 APPPATH\Views\tabel.php(53): CodeIgniter\Debug\Exceptions->errorHandler(8, 'Trying to get property \'nama_kriteria\' of non-object', 'APPPATH\\Views\\tabel.php', 53, [...])
 2 SYSTEMPATH\View\View.php(213): include('APPPATH\\Views\\tabel.php')
 3 SYSTEMPATH\View\View.php(216): CodeIgniter\View\View->CodeIgniter\View\{closure}()
 4 SYSTEMPATH\Common.php(1135): CodeIgniter\View\View->render('tabel', [], true)
 5 APPPATH\Controllers\Hal.php(51): view('tabel', [...])
 6 SYSTEMPATH\CodeIgniter.php(896): App\Controllers\Hal->mt('@V_fx1_mVZS=')
 7 SYSTEMPATH\CodeIgniter.php(466): CodeIgniter\CodeIgniter->runController(Object(App\Controllers\Hal))
 8 SYSTEMPATH\CodeIgniter.php(349): CodeIgniter\CodeIgniter->handleRequest(null, Object(Config\Cache), false)
 9 FCPATH\index.php(55): CodeIgniter\CodeIgniter->run()
10 SYSTEMPATH\Commands\Server\rewrite.php(43): require_once('FCPATH\\index.php')
